[debug] [2025-05-06T04:10:38.968Z] ----------------------------------------------------------------------
[debug] [2025-05-06T04:10:38.973Z] Command:       C:\Program Files\nodejs\node.exe C:\Users\Beracoechea\AppData\Roaming\npm\node_modules\firebase-tools\lib\bin\firebase.js init
[debug] [2025-05-06T04:10:38.973Z] CLI Version:   13.23.0
[debug] [2025-05-06T04:10:38.974Z] Platform:      win32
[debug] [2025-05-06T04:10:38.974Z] Node Version:  v20.17.0
[debug] [2025-05-06T04:10:38.974Z] Time:          Mon May 05 2025 22:10:38 GMT-0600 (hora estándar central)
[debug] [2025-05-06T04:10:38.974Z] ----------------------------------------------------------------------
[debug] 
[debug] [2025-05-06T04:10:38.977Z] >>> [apiv2][query] GET https://firebase-public.firebaseio.com/cli.json [none]
[debug] [2025-05-06T04:10:39.031Z] > command requires scopes: ["email","openid","https://www.googleapis.com/auth/cloudplatformprojects.readonly","https://www.googleapis.com/auth/firebase","https://www.googleapis.com/auth/cloud-platform"]
[debug] [2025-05-06T04:10:39.031Z] > authorizing via signed-in user (jose.beracoechea5098@alumnos.udg.mx)
[info] 
     ######## #### ########  ######## ########     ###     ######  ########
     ##        ##  ##     ## ##       ##     ##  ##   ##  ##       ##
     ######    ##  ########  ######   ########  #########  ######  ######
     ##        ##  ##    ##  ##       ##     ## ##     ##       ## ##
     ##       #### ##     ## ######## ########  ##     ##  ######  ########

You're about to initialize a Firebase project in this directory:

  C:\Users\Beracoechea\Desktop\Estructuras\estructuras

[debug] [2025-05-06T04:10:39.339Z] <<< [apiv2][status] GET https://firebase-public.firebaseio.com/cli.json 200
[debug] [2025-05-06T04:10:39.339Z] <<< [apiv2][body] GET https://firebase-public.firebaseio.com/cli.json {"cloudBuildErrorAfter":1594252800000,"cloudBuildWarnAfter":1590019200000,"defaultNode10After":1594252800000,"minVersion":"3.0.5","node8DeploysDisabledAfter":1613390400000,"node8RuntimeDisabledAfter":1615809600000,"node8WarnAfter":1600128000000}
